[debug] [2021-06-24T13:05:33.187Z] ----------------------------------------------------------------------
[debug] [2021-06-24T13:05:33.191Z] Command:       C:\Program Files\nodejs\node.exe C:\Users\faith\AppData\Roaming\npm\node_modules\firebase-tools\lib\bin\firebase.js deploy --only functions:addUser
[debug] [2021-06-24T13:05:33.191Z] CLI Version:   9.10.0
[debug] [2021-06-24T13:05:33.191Z] Platform:      win32
[debug] [2021-06-24T13:05:33.191Z] Node Version:  v14.16.0
[debug] [2021-06-24T13:05:33.202Z] Time:          Thu Jun 24 2021 14:05:33 GMT+0100 (West Africa Standard Time)
[debug] [2021-06-24T13:05:33.202Z] ----------------------------------------------------------------------
[debug] 
[debug] [2021-06-24T13:05:33.205Z] >>> [apiv2][query] GET https://firebase-public.firebaseio.com/cli.json [none]
[debug] [2021-06-24T13:05:33.240Z] > command requires scopes: ["email","openid","https://www.googleapis.com/auth/cloudplatformprojects.readonly","https://www.googleapis.com/auth/firebase","https://www.googleapis.com/auth/cloud-platform"]
[debug] [2021-06-24T13:05:33.240Z] > authorizing via signed-in user (faithodesola@gmail.com)
[debug] [2021-06-24T13:05:33.240Z] [iam] checking project cloak-io for permissions ["cloudfunctions.functions.create","cloudfunctions.functions.delete","cloudfunctions.functions.get","cloudfunctions.functions.list","cloudfunctions.functions.update","cloudfunctions.operations.get","firebase.projects.get"]
[debug] [2021-06-24T13:05:33.242Z] > refreshing access token with scopes: ["email","https://www.googleapis.com/auth/cloud-platform","https://www.googleapis.com/auth/cloudplatformprojects.readonly","https://www.googleapis.com/auth/firebase","openid"]
[debug] [2021-06-24T13:05:33.242Z] >>> HTTP REQUEST POST https://www.googleapis.com/oauth2/v3/token  
 <request body omitted>
[debug] [2021-06-24T13:05:34.003Z] <<< HTTP RESPONSE 200 {"pragma":"no-cache","expires":"Mon, 01 Jan 1990 00:00:00 GMT","cache-control":"no-cache, no-store, max-age=0, must-revalidate","date":"Thu, 24 Jun 2021 13:05:33 GMT","content-type":"application/json; charset=utf-8","vary":"X-Origin, Referer, Origin,Accept-Encoding","server":"scaffolding on HTTPServer2","x-xss-protection":"0","x-frame-options":"SAMEORIGIN","x-content-type-options":"nosniff","alt-svc":"h3=\":443\"; ma=2592000,h3-29=\":443\"; ma=2592000,h3-T051=\":443\"; ma=2592000,h3-Q050=\":443\"; ma=2592000,h3-Q046=\":443\"; ma=2592000,h3-Q043=\":443\"; ma=2592000,quic=\":443\"; ma=2592000; v=\"46,43\"","accept-ranges":"none","transfer-encoding":"chunked"}
[debug] [2021-06-24T13:05:34.016Z] >>> HTTP REQUEST POST https://cloudresourcemanager.googleapis.com/v1/projects/cloak-io:testIamPermissions  
 {"permissions":["cloudfunctions.functions.create","cloudfunctions.functions.delete","cloudfunctions.functions.get","cloudfunctions.functions.list","cloudfunctions.functions.update","cloudfunctions.operations.get","firebase.projects.get"]}
[debug] [2021-06-24T13:05:34.196Z] <<< [apiv2][status] GET https://firebase-public.firebaseio.com/cli.json 200
[debug] [2021-06-24T13:05:34.196Z] <<< [apiv2][body] GET https://firebase-public.firebaseio.com/cli.json {"cloudBuildErrorAfter":1594252800000,"cloudBuildWarnAfter":1590019200000,"defaultNode10After":1594252800000,"minVersion":"3.0.5","node8DeploysDisabledAfter":1613390400000,"node8RuntimeDisabledAfter":1615809600000,"node8WarnAfter":1600128000000}
